生成启动时间为 2019/10/29 23:01:45。
     1>项目“D:\学习\学期\计算机图形学\大作业\MeshSimplify\MeshSimplify\MeshSimplify.vcxproj”在节点 2 上(Build 个目标)。
     1>ClCompile:
         D:\Microsoft Visual Studio 14.0\VC\bin\CL.exe /c /I"D:\学习\学期\计算机图形学\大作业\MeshSimplify\packages\glfw.3.3.0.1\build\native\include/" /I"D:\学习\学期\计算机图形学\大作业\MeshSimplify\packages\nupengl.core.0.1.0.1\build\native\../..//build/native/include/" /ZI /nologo /W3 /WX- /sdl /Od /Oy- /D HAS_GLFW /D WIN32 /D _DEBUG /D _CONSOLE /D _UNICODE /D UNICODE /Gm /EHsc /RTC1 /MDd /GS /fp:precise /Zc:wchar_t /Zc:forScope /Zc:inline /Fo"Debug\\" /Fd"Debug\vc140.pdb" /Gd /TP /analyze- /errorReport:prompt main.cpp
         main.cpp
     1>d:\学习\学期\计算机图形学\大作业\meshsimplify\meshsimplify\main.cpp(114): warning C4244: “=”: 从“int”转换到“GLfloat”，可能丢失数据
     1>d:\学习\学期\计算机图形学\大作业\meshsimplify\meshsimplify\main.cpp(115): warning C4244: “=”: 从“int”转换到“GLfloat”，可能丢失数据
     1>d:\学习\学期\计算机图形学\大作业\meshsimplify\meshsimplify\main.cpp(123): warning C4244: “=”: 从“int”转换到“GLfloat”，可能丢失数据
     1>d:\学习\学期\计算机图形学\大作业\meshsimplify\meshsimplify\main.cpp(124): warning C4244: “=”: 从“int”转换到“GLfloat”，可能丢失数据
     1>d:\学习\学期\计算机图形学\大作业\meshsimplify\meshsimplify\main.cpp(142): warning C4244: “=”: 从“int”转换到“GLfloat”，可能丢失数据
     1>d:\学习\学期\计算机图形学\大作业\meshsimplify\meshsimplify\main.cpp(145): warning C4244: “=”: 从“int”转换到“GLfloat”，可能丢失数据
     1>d:\学习\学期\计算机图形学\大作业\meshsimplify\meshsimplify\main.cpp(151): warning C4244: “初始化”: 从“GLfloat”转换到“int”，可能丢失数据
     1>d:\学习\学期\计算机图形学\大作业\meshsimplify\meshsimplify\main.cpp(152): warning C4244: “初始化”: 从“GLfloat”转换到“int”，可能丢失数据
     1>d:\学习\学期\计算机图形学\大作业\meshsimplify\meshsimplify\main.cpp(156): warning C4244: “+=”: 从“double”转换到“float”，可能丢失数据
     1>d:\学习\学期\计算机图形学\大作业\meshsimplify\meshsimplify\main.cpp(160): warning C4244: “+=”: 从“double”转换到“float”，可能丢失数据
     1>d:\学习\学期\计算机图形学\大作业\meshsimplify\meshsimplify\main.cpp(162): warning C4244: “=”: 从“int”转换到“GLfloat”，可能丢失数据
     1>d:\学习\学期\计算机图形学\大作业\meshsimplify\meshsimplify\main.cpp(163): warning C4244: “=”: 从“int”转换到“GLfloat”，可能丢失数据
       Link:
         D:\Microsoft Visual Studio 14.0\VC\bin\link.exe /ERRORREPORT:PROMPT /OUT:"D:\学习\学期\计算机图形学\大作业\MeshSimplify\Debug\MeshSimplify.exe" /INCREMENTAL /NOLOGO "D:\学习\学期\计算机图形学\大作业\MeshSimplify\packages\glfw.3.3.0.1\build\native\lib\dynamic\v140\Win32\glfw3dll.lib" "D:\学习\学期\计算机图形学\大作业\MeshSimplify\packages\nupengl.core.0.1.0.1\build\native\../..//build/native/lib/Win32\glew32.lib" "D:\学习\学期\计算机图形学\大作业\MeshSimplify\packages\nupengl.core.0.1.0.1\build\native\../..//build/native/lib/Win32\glfw3dll.lib" "D:\学习\学期\计算机图形学\大作业\MeshSimplify\packages\nupengl.core.0.1.0.1\build\native\../..//build/native/lib/Win32\freeglut.lib" kernel32.lib user32.lib gdi32.lib winspool.lib comdlg32.lib advapi32.lib shell32.lib ole32.lib oleaut32.lib uuid.lib odbc32.lib odbccp32.lib /NODEFAULTLIB:glfw3dll.lib /MANIFEST /MANIFESTUAC:"level='asInvoker' uiAccess='false'" /manifest:embed /Debug /PDB:"D:\学习\学期\计算机图形学\大作业\MeshSimplify\Debug\MeshSimplify.pdb" /SUBSYSTEM:CONSOLE /TLBID:1 /DYNAMICBASE /NXCOMPAT /IMPLIB:"D:\学习\学期\计算机图形学\大作业\MeshSimplify\Debug\MeshSimplify.lib" /MACHINE:X86 Debug\entity.obj
         Debug\main.obj
         Debug\Matrix.obj
         Debug\MeshSimplify.obj
         Debug\Point.obj
         MeshSimplify.vcxproj -> D:\学习\学期\计算机图形学\大作业\MeshSimplify\Debug\MeshSimplify.exe
     1>已完成生成项目“D:\学习\学期\计算机图形学\大作业\MeshSimplify\MeshSimplify\MeshSimplify.vcxproj”(Build 个目标)的操作。

已成功生成。

已用时间 00:00:00.83
